[debug] [2024-05-03T07:43:35.404Z] ----------------------------------------------------------------------
[debug] [2024-05-03T07:43:35.405Z] Command:       C:\Program Files\nodejs\node.exe C:\Users\InforSys\AppData\Roaming\npm\node_modules\firebase-tools\lib\bin\firebase.js use --add
[debug] [2024-05-03T07:43:35.406Z] CLI Version:   13.8.0
[debug] [2024-05-03T07:43:35.406Z] Platform:      win32
[debug] [2024-05-03T07:43:35.406Z] Node Version:  v20.12.2
[debug] [2024-05-03T07:43:35.406Z] Time:          Fri May 03 2024 02:43:35 GMT-0500 (hora de Ecuador)
[debug] [2024-05-03T07:43:35.406Z] ----------------------------------------------------------------------
[debug] 
[debug] [2024-05-03T07:43:35.460Z] > command requires scopes: ["email","openid","https://www.googleapis.com/auth/cloudplatformprojects.readonly","https://www.googleapis.com/auth/firebase","https://www.googleapis.com/auth/cloud-platform"]
[debug] [2024-05-03T07:43:35.460Z] > authorizing via signed-in user (josi.i.dami@gmail.com)
[debug] [2024-05-03T07:43:35.462Z] > refreshing access token with scopes: []
[debug] [2024-05-03T07:43:35.463Z] >>> [apiv2][query] POST https://www.googleapis.com/oauth2/v3/token [none]
[debug] [2024-05-03T07:43:35.463Z] >>> [apiv2][body] POST https://www.googleapis.com/oauth2/v3/token [omitted]
[debug] [2024-05-03T07:43:35.926Z] <<< [apiv2][status] POST https://www.googleapis.com/oauth2/v3/token 400
[debug] [2024-05-03T07:43:35.926Z] <<< [apiv2][body] POST https://www.googleapis.com/oauth2/v3/token [omitted]
[debug] [2024-05-03T07:43:35.927Z] >>> [apiv2][query] GET https://firebase.googleapis.com/v1beta1/projects pageSize=1000
[debug] [2024-05-03T07:43:36.189Z] <<< [apiv2][status] GET https://firebase.googleapis.com/v1beta1/projects 401
[debug] [2024-05-03T07:43:36.189Z] <<< [apiv2][body] GET https://firebase.googleapis.com/v1beta1/projects [omitted]
[debug] [2024-05-03T07:43:36.190Z] HTTP Error: 401, Request had invalid authentication credentials. Expected OAuth 2 access token, login cookie or other valid authentication credential. See https://developers.google.com/identity/sign-in/web/devconsole-project.
[debug] [2024-05-03T07:43:36.374Z] FirebaseError: HTTP Error: 401, Request had invalid authentication credentials. Expected OAuth 2 access token, login cookie or other valid authentication credential. See https://developers.google.com/identity/sign-in/web/devconsole-project.
    at responseToError (C:\Users\InforSys\AppData\Roaming\npm\node_modules\firebase-tools\lib\responseToError.js:49:12)
    at RetryOperation._fn (C:\Users\InforSys\AppData\Roaming\npm\node_modules\firebase-tools\lib\apiv2.js:305:77)
    at process.processTicksAndRejections (node:internal/process/task_queues:95:5)
[error] 
[error] Error: Failed to list Firebase projects. See firebase-debug.log for more info.
[debug] [2024-05-03T07:44:23.454Z] ----------------------------------------------------------------------
[debug] [2024-05-03T07:44:23.456Z] Command:       C:\Program Files\nodejs\node.exe C:\Users\InforSys\AppData\Roaming\npm\node_modules\firebase-tools\lib\bin\firebase.js use --add
[debug] [2024-05-03T07:44:23.457Z] CLI Version:   13.8.0
[debug] [2024-05-03T07:44:23.457Z] Platform:      win32
[debug] [2024-05-03T07:44:23.457Z] Node Version:  v20.12.2
[debug] [2024-05-03T07:44:23.457Z] Time:          Fri May 03 2024 02:44:23 GMT-0500 (hora de Ecuador)
[debug] [2024-05-03T07:44:23.457Z] ----------------------------------------------------------------------
[debug] 
[debug] [2024-05-03T07:44:23.517Z] > command requires scopes: ["email","openid","https://www.googleapis.com/auth/cloudplatformprojects.readonly","https://www.googleapis.com/auth/firebase","https://www.googleapis.com/auth/cloud-platform"]
[debug] [2024-05-03T07:44:23.517Z] > authorizing via signed-in user (josi.i.dami@gmail.com)
[debug] [2024-05-03T07:44:23.519Z] > refreshing access token with scopes: []
[debug] [2024-05-03T07:44:23.520Z] >>> [apiv2][query] POST https://www.googleapis.com/oauth2/v3/token [none]
[debug] [2024-05-03T07:44:23.520Z] >>> [apiv2][body] POST https://www.googleapis.com/oauth2/v3/token [omitted]
[debug] [2024-05-03T07:44:23.802Z] <<< [apiv2][status] POST https://www.googleapis.com/oauth2/v3/token 400
[debug] [2024-05-03T07:44:23.803Z] <<< [apiv2][body] POST https://www.googleapis.com/oauth2/v3/token [omitted]
[debug] [2024-05-03T07:44:23.803Z] >>> [apiv2][query] GET https://firebase.googleapis.com/v1beta1/projects pageSize=1000
[debug] [2024-05-03T07:44:24.148Z] <<< [apiv2][status] GET https://firebase.googleapis.com/v1beta1/projects 401
[debug] [2024-05-03T07:44:24.148Z] <<< [apiv2][body] GET https://firebase.googleapis.com/v1beta1/projects [omitted]
[debug] [2024-05-03T07:44:24.149Z] HTTP Error: 401, Request had invalid authentication credentials. Expected OAuth 2 access token, login cookie or other valid authentication credential. See https://developers.google.com/identity/sign-in/web/devconsole-project.
[debug] [2024-05-03T07:44:24.334Z] FirebaseError: HTTP Error: 401, Request had invalid authentication credentials. Expected OAuth 2 access token, login cookie or other valid authentication credential. See https://developers.google.com/identity/sign-in/web/devconsole-project.
    at responseToError (C:\Users\InforSys\AppData\Roaming\npm\node_modules\firebase-tools\lib\responseToError.js:49:12)
    at RetryOperation._fn (C:\Users\InforSys\AppData\Roaming\npm\node_modules\firebase-tools\lib\apiv2.js:305:77)
    at process.processTicksAndRejections (node:internal/process/task_queues:95:5)
[error] 
[error] Error: Failed to list Firebase projects. See firebase-debug.log for more info.
[debug] [2024-05-03T07:47:03.857Z] ----------------------------------------------------------------------
[debug] [2024-05-03T07:47:03.860Z] Command:       C:\Program Files\nodejs\node.exe C:\Users\InforSys\AppData\Roaming\npm\node_modules\firebase-tools\lib\bin\firebase.js use --add
[debug] [2024-05-03T07:47:03.860Z] CLI Version:   13.8.0
[debug] [2024-05-03T07:47:03.860Z] Platform:      win32
[debug] [2024-05-03T07:47:03.861Z] Node Version:  v20.12.2
[debug] [2024-05-03T07:47:03.861Z] Time:          Fri May 03 2024 02:47:03 GMT-0500 (hora de Ecuador)
[debug] [2024-05-03T07:47:03.861Z] ----------------------------------------------------------------------
[debug] 
[debug] [2024-05-03T07:47:03.929Z] > command requires scopes: ["email","openid","https://www.googleapis.com/auth/cloudplatformprojects.readonly","https://www.googleapis.com/auth/firebase","https://www.googleapis.com/auth/cloud-platform"]
[debug] [2024-05-03T07:47:03.930Z] > authorizing via signed-in user (josi.i.dami@gmail.com)
[debug] [2024-05-03T07:47:03.931Z] > refreshing access token with scopes: []
[debug] [2024-05-03T07:47:03.933Z] >>> [apiv2][query] POST https://www.googleapis.com/oauth2/v3/token [none]
[debug] [2024-05-03T07:47:03.933Z] >>> [apiv2][body] POST https://www.googleapis.com/oauth2/v3/token [omitted]
[debug] [2024-05-03T07:47:04.223Z] <<< [apiv2][status] POST https://www.googleapis.com/oauth2/v3/token 400
[debug] [2024-05-03T07:47:04.223Z] <<< [apiv2][body] POST https://www.googleapis.com/oauth2/v3/token [omitted]
[debug] [2024-05-03T07:47:04.224Z] >>> [apiv2][query] GET https://firebase.googleapis.com/v1beta1/projects pageSize=1000
[debug] [2024-05-03T07:47:04.504Z] <<< [apiv2][status] GET https://firebase.googleapis.com/v1beta1/projects 401
[debug] [2024-05-03T07:47:04.505Z] <<< [apiv2][body] GET https://firebase.googleapis.com/v1beta1/projects [omitted]
[debug] [2024-05-03T07:47:04.505Z] HTTP Error: 401, Request had invalid authentication credentials. Expected OAuth 2 access token, login cookie or other valid authentication credential. See https://developers.google.com/identity/sign-in/web/devconsole-project.
[debug] [2024-05-03T07:47:04.714Z] FirebaseError: HTTP Error: 401, Request had invalid authentication credentials. Expected OAuth 2 access token, login cookie or other valid authentication credential. See https://developers.google.com/identity/sign-in/web/devconsole-project.
    at responseToError (C:\Users\InforSys\AppData\Roaming\npm\node_modules\firebase-tools\lib\responseToError.js:49:12)
    at RetryOperation._fn (C:\Users\InforSys\AppData\Roaming\npm\node_modules\firebase-tools\lib\apiv2.js:305:77)
    at process.processTicksAndRejections (node:internal/process/task_queues:95:5)
[error] 
[error] Error: Failed to list Firebase projects. See firebase-debug.log for more info.
[debug] [2024-05-03T07:48:23.046Z] ----------------------------------------------------------------------
[debug] [2024-05-03T07:48:23.048Z] Command:       C:\Program Files\nodejs\node.exe C:\Users\InforSys\AppData\Roaming\npm\node_modules\firebase-tools\lib\bin\firebase.js use --add
[debug] [2024-05-03T07:48:23.048Z] CLI Version:   13.8.0
[debug] [2024-05-03T07:48:23.048Z] Platform:      win32
[debug] [2024-05-03T07:48:23.048Z] Node Version:  v20.12.2
[debug] [2024-05-03T07:48:23.048Z] Time:          Fri May 03 2024 02:48:23 GMT-0500 (hora de Ecuador)
[debug] [2024-05-03T07:48:23.049Z] ----------------------------------------------------------------------
[debug] 
[debug] [2024-05-03T07:48:23.106Z] > command requires scopes: ["email","openid","https://www.googleapis.com/auth/cloudplatformprojects.readonly","https://www.googleapis.com/auth/firebase","https://www.googleapis.com/auth/cloud-platform"]
[debug] [2024-05-03T07:48:23.106Z] > authorizing via signed-in user (josi.i.dami@gmail.com)
[debug] [2024-05-03T07:48:23.108Z] > refreshing access token with scopes: []
[debug] [2024-05-03T07:48:23.110Z] >>> [apiv2][query] POST https://www.googleapis.com/oauth2/v3/token [none]
[debug] [2024-05-03T07:48:23.110Z] >>> [apiv2][body] POST https://www.googleapis.com/oauth2/v3/token [omitted]
[debug] [2024-05-03T07:48:23.359Z] <<< [apiv2][status] POST https://www.googleapis.com/oauth2/v3/token 400
[debug] [2024-05-03T07:48:23.359Z] <<< [apiv2][body] POST https://www.googleapis.com/oauth2/v3/token [omitted]
[debug] [2024-05-03T07:48:23.360Z] >>> [apiv2][query] GET https://firebase.googleapis.com/v1beta1/projects pageSize=1000
[debug] [2024-05-03T07:48:23.638Z] <<< [apiv2][status] GET https://firebase.googleapis.com/v1beta1/projects 401
[debug] [2024-05-03T07:48:23.638Z] <<< [apiv2][body] GET https://firebase.googleapis.com/v1beta1/projects [omitted]
[debug] [2024-05-03T07:48:23.639Z] HTTP Error: 401, Request had invalid authentication credentials. Expected OAuth 2 access token, login cookie or other valid authentication credential. See https://developers.google.com/identity/sign-in/web/devconsole-project.
[debug] [2024-05-03T07:48:23.830Z] FirebaseError: HTTP Error: 401, Request had invalid authentication credentials. Expected OAuth 2 access token, login cookie or other valid authentication credential. See https://developers.google.com/identity/sign-in/web/devconsole-project.
    at responseToError (C:\Users\InforSys\AppData\Roaming\npm\node_modules\firebase-tools\lib\responseToError.js:49:12)
    at RetryOperation._fn (C:\Users\InforSys\AppData\Roaming\npm\node_modules\firebase-tools\lib\apiv2.js:305:77)
    at process.processTicksAndRejections (node:internal/process/task_queues:95:5)
[error] 
[error] Error: Failed to list Firebase projects. See firebase-debug.log for more info.
